<?xml version="1.0" encoding="UTF-8"?>
<!-- Generated by org.testng.reporters.JUnitXMLReporter -->
<testsuite ignored="2" hostname="office-pro" failures="0" tests="54" name="RegressionTest" time="24.51" errors="0" timestamp="2026-01-30T18:05:53 IST">
  <testcase classname="Akku.LoginPage" name="Login" time="0.0">
    <skipped/>
  </testcase> <!-- Login -->
  <testcase classname="Akku.TenantUserAccountProvisioningConfiguration" name="configureGwsTenantProvisioningConnector" time="0.0">
    <skipped/>
  </testcase> <!-- configureGwsTenantProvisioningConnector -->
  <testcase classname="Akku.App_Management" name="configureSamlSsoApplication" time="0.0">
    <skipped/>
  </testcase> <!-- configureSamlSsoApplication -->
  <testcase classname="Akku.DeviceManagement" name="manageDeviceRestrictionsForAllUsers" time="0.0">
    <skipped/>
  </testcase> <!-- manageDeviceRestrictionsForAllUsers -->
  <testcase classname="Akku.Audit_Logs" name="testDisplayUserAuditLogs" time="0.0">
    <skipped/>
  </testcase> <!-- testDisplayUserAuditLogs -->
  <testcase classname="Akku.Policy_Management" name="testTenantAdminCanCreateAndAssignGpoPolicy" time="0.0">
    <skipped/>
  </testcase> <!-- testTenantAdminCanCreateAndAssignGpoPolicy -->
  <testcase classname="Akku.App_Management" name="clientAlreadyExistsForSamlApplication" time="0.0">
    <skipped/>
  </testcase> <!-- clientAlreadyExistsForSamlApplication -->
  <testcase classname="Akku.PasswordManager" name="verifyPasswordPolicyRestorationAndUpdate" time="0.0">
    <skipped/>
  </testcase> <!-- verifyPasswordPolicyRestorationAndUpdate -->
  <testcase classname="Akku.Dashboard" name="SuspiciousLogin" time="0.0">
    <skipped/>
  </testcase> <!-- SuspiciousLogin -->
  <testcase classname="Akku.LoginPage" name="loginWithInvalidUsername" time="0.0">
    <skipped/>
  </testcase> <!-- loginWithInvalidUsername -->
  <testcase classname="Akku.TenantUserAccountProvisioningConfiguration" name="editGwsTenantProvisioningConnector" time="0.0">
    <skipped/>
  </testcase> <!-- editGwsTenantProvisioningConnector -->
  <testcase classname="Akku.DeviceManagement" name="manageDeviceRestrictionsForSelectedUsers" time="0.0">
    <skipped/>
  </testcase> <!-- manageDeviceRestrictionsForSelectedUsers -->
  <testcase classname="Akku.Audit_Logs" name="testDisplayAdminAuditLogs" time="0.0">
    <skipped/>
  </testcase> <!-- testDisplayAdminAuditLogs -->
  <testcase classname="Akku.Policy_Management" name="testTenantAdminCanEditAndUpdatePolicyConfiguration" time="0.0">
    <skipped/>
  </testcase> <!-- testTenantAdminCanEditAndUpdatePolicyConfiguration -->
  <testcase classname="Akku.PasswordManager" name="verifyPasswordUpdateWithNonCompliantData_FirstAttempt" time="0.0">
    <skipped/>
  </testcase> <!-- verifyPasswordUpdateWithNonCompliantData_FirstAttempt -->
  <testcase classname="Akku.App_Management" name="editSamlSsoApplication" time="0.0">
    <skipped/>
  </testcase> <!-- editSamlSsoApplication -->
  <testcase classname="Akku.Dashboard" name="FailedLogin" time="0.0">
    <skipped/>
  </testcase> <!-- FailedLogin -->
  <testcase classname="Akku.LoginPage" name="loginWithInvalidPassword" time="0.0">
    <skipped/>
  </testcase> <!-- loginWithInvalidPassword -->
  <testcase classname="Akku.DeviceManagement" name="manageDeviceRestrictionsWithCSVUpload" time="0.0">
    <skipped/>
  </testcase> <!-- manageDeviceRestrictionsWithCSVUpload -->
  <testcase classname="Akku.UserDeletionProcess" name="deleteGwsTenantProvisioningConnector" time="0.0">
    <skipped/>
  </testcase> <!-- deleteGwsTenantProvisioningConnector -->
  <testcase classname="Akku.Audit_Logs" name="testDownloadUserAuditLogsCSV" time="0.0">
    <skipped/>
  </testcase> <!-- testDownloadUserAuditLogsCSV -->
  <testcase classname="Akku.Policy_Management" name="testTenantAdminCanAssignOrUnassignGroupsFromGpoPolicy" time="0.0">
    <skipped/>
  </testcase> <!-- testTenantAdminCanAssignOrUnassignGroupsFromGpoPolicy -->
  <testcase classname="Akku.PasswordManager" name="verifyPasswordUpdateWithNonCompliantData_SecondAttempt" time="0.0">
    <skipped/>
  </testcase> <!-- verifyPasswordUpdateWithNonCompliantData_SecondAttempt -->
  <testcase classname="Akku.Dashboard" name="LockedAccounts" time="0.0">
    <skipped/>
  </testcase> <!-- LockedAccounts -->
  <testcase classname="Akku.App_Management" name="activateSamlSsoApp" time="0.0">
    <skipped/>
  </testcase> <!-- activateSamlSsoApp -->
  <testcase classname="Akku.Policy_Management" name="testCannotCreateAnotherPolicyWithSamePolicyName" time="0.0">
    <skipped/>
  </testcase> <!-- testCannotCreateAnotherPolicyWithSamePolicyName -->
  <testcase classname="Akku.DeviceManagement" name="handleDeviceManagementErrors" time="0.0">
    <skipped/>
  </testcase> <!-- handleDeviceManagementErrors -->
  <testcase classname="Akku.Audit_Logs" name="testDownloadAdminAuditLogsCSV" time="0.0">
    <skipped/>
  </testcase> <!-- testDownloadAdminAuditLogsCSV -->
  <testcase classname="Akku.PasswordManager" name="verifyPasswordPolicyUpdateWithValidData" time="0.0">
    <skipped/>
  </testcase> <!-- verifyPasswordPolicyUpdateWithValidData -->
  <testcase classname="Akku.Dashboard" name="QuarantinedLogins" time="0.0">
    <skipped/>
  </testcase> <!-- QuarantinedLogins -->
  <testcase classname="Akku.App_Management" name="configureOpenidSsoApplication" time="0.0">
    <skipped/>
  </testcase> <!-- configureOpenidSsoApplication -->
  <testcase classname="Akku.PasswordManager" name="verifyPasswordUpdateWithValidData" time="0.0">
    <skipped/>
  </testcase> <!-- verifyPasswordUpdateWithValidData -->
  <testcase classname="Akku.Dashboard" name="AddMoreLicenses" time="0.0">
    <skipped/>
  </testcase> <!-- AddMoreLicenses -->
  <testcase classname="Akku.Audit_Logs" name="testAuditLogsForLoginEvents" time="0.0">
    <skipped/>
  </testcase> <!-- testAuditLogsForLoginEvents -->
  <testcase classname="Akku.Policy_Management" name="testTenantAdminCanEnableAndDisableGPOPolicy" time="0.0">
    <skipped/>
  </testcase> <!-- testTenantAdminCanEnableAndDisableGPOPolicy -->
  <testcase classname="Akku.App_Management" name="clientAlreadyExistsForOpenidApplication" time="0.0">
    <skipped/>
  </testcase> <!-- clientAlreadyExistsForOpenidApplication -->
  <testcase classname="Akku.PasswordManager" name="verifyLoginWithUpdatedPassword" time="0.0">
    <skipped/>
  </testcase> <!-- verifyLoginWithUpdatedPassword -->
  <testcase classname="Akku.App_Management" name="editOpenidSsoApplication" time="0.0">
    <skipped/>
  </testcase> <!-- editOpenidSsoApplication -->
  <testcase classname="Akku.PasswordManager" name="verifyPasswordUpdateFailsDueToReuseOfRecentPassword" time="0.0">
    <skipped/>
  </testcase> <!-- verifyPasswordUpdateFailsDueToReuseOfRecentPassword -->
  <testcase classname="Akku.Audit_Logs" name="testSearchAuditLogsForSpecificUser" time="0.0">
    <skipped/>
  </testcase> <!-- testSearchAuditLogsForSpecificUser -->
  <testcase classname="Akku.App_Management" name="activateOpenidSsoApp" time="0.0">
    <skipped/>
  </testcase> <!-- activateOpenidSsoApp -->
  <testcase classname="Akku.Policy_Management" name="verifyTenantAdminDeletesGpoPolicy" time="0.0">
    <skipped/>
  </testcase> <!-- verifyTenantAdminDeletesGpoPolicy -->
  <testcase classname="Akku.Dashboard" name="SuccessfulAttempts" time="0.0">
    <skipped/>
  </testcase> <!-- SuccessfulAttempts -->
  <testcase classname="Akku.Dashboard" name="FailedAttempts" time="0.0">
    <skipped/>
  </testcase> <!-- FailedAttempts -->
  <testcase classname="Akku.PasswordManager" name="verifyPasswordPolicyUpdateWhenNotRecentlyUsedIsDisabled" time="0.0">
    <skipped/>
  </testcase> <!-- verifyPasswordPolicyUpdateWhenNotRecentlyUsedIsDisabled -->
  <testcase classname="Akku.App_Management" name="deleteOpenidSsoApplication" time="0.0">
    <skipped/>
  </testcase> <!-- deleteOpenidSsoApplication -->
  <testcase classname="Akku.Dashboard" name="CloudDirectoryProduct" time="0.0">
    <skipped/>
  </testcase> <!-- CloudDirectoryProduct -->
  <testcase classname="Akku.Dashboard" name="SSOProduct" time="0.0">
    <skipped/>
  </testcase> <!-- SSOProduct -->
  <testcase classname="Akku.Dashboard" name="AdaptiveMFAProduct" time="0.0">
    <skipped/>
  </testcase> <!-- AdaptiveMFAProduct -->
  <testcase classname="Akku.Dashboard" name="PasswordManagerProduct" time="0.0">
    <skipped/>
  </testcase> <!-- PasswordManagerProduct -->
  <testcase classname="Akku.Dashboard" name="AccessManagerProduct" time="0.0">
    <skipped/>
  </testcase> <!-- AccessManagerProduct -->
  <testcase classname="Akku.Dashboard" name="SupportProduct" time="0.0">
    <skipped/>
  </testcase> <!-- SupportProduct -->
  <testcase classname="Akku.Dashboard" name="MDMProduct" time="0.0">
    <skipped/>
  </testcase> <!-- MDMProduct -->
  <testcase classname="Akku.Dashboard" name="UserLifecycleProduct" time="0.0">
    <skipped/>
  </testcase> <!-- UserLifecycleProduct -->
  <testcase classname="Akku.UserDeletionProcess" name="testDeleteUser" time="0.0">
    <ignored/>
  </testcase> <!-- testDeleteUser -->
  <testcase classname="Akku.LoginPage" name="loginnormalbrowserflow" time="0.0">
    <ignored/>
  </testcase> <!-- loginnormalbrowserflow -->
</testsuite> <!-- RegressionTest -->
