<?xml version="1.0" encoding="UTF-8"?>
<!-- Generated by org.testng.reporters.JUnitXMLReporter -->
<testsuite ignored="1" hostname="office-pro" failures="3" tests="3" name="RegressionTest" time="2.194" errors="0" timestamp="2026-04-21T18:29:28 IST">
  <testcase classname="Akku.LoginPage" name="Login" time="0.849">
    <failure type="java.lang.NullPointerException" message="Cannot invoke &amp;quot;org.openqa.selenium.TakesScreenshot.getScreenshotAs(org.openqa.selenium.OutputType)&amp;quot; because &amp;quot;Utils.Base.driver&amp;quot; is null">
      <![CDATA[java.lang.NullPointerException: Cannot invoke "org.openqa.selenium.TakesScreenshot.getScreenshotAs(org.openqa.selenium.OutputType)" because "Utils.Base.driver" is null
at Utils.Base.captureScreenshot(Base.java:773)
at Utils.Base.enter(Base.java:358)
at Akku.LoginPage.loginUser(LoginPage.java:92)
at Akku.LoginPage.Login(LoginPage.java:76)
at java.base/java.util.ArrayList.forEach(ArrayList.java:1596)
... Removed 29 stack frames]]>
    </failure>
  </testcase> <!-- Login -->
  <testcase classname="Akku.LoginPage" name="loginWithInvalidUsername" time="0.161">
    <failure type="java.lang.NullPointerException" message="Cannot invoke &amp;quot;org.openqa.selenium.TakesScreenshot.getScreenshotAs(org.openqa.selenium.OutputType)&amp;quot; because &amp;quot;Utils.Base.driver&amp;quot; is null">
      <![CDATA[java.lang.NullPointerException: Cannot invoke "org.openqa.selenium.TakesScreenshot.getScreenshotAs(org.openqa.selenium.OutputType)" because "Utils.Base.driver" is null
at Utils.Base.captureScreenshot(Base.java:773)
at Utils.Base.enter(Base.java:358)
at Akku.LoginPage.attemptLoginWithInvalidUsername(LoginPage.java:101)
at Akku.LoginPage.loginWithInvalidUsername(LoginPage.java:81)
at java.base/java.util.ArrayList.forEach(ArrayList.java:1596)
... Removed 29 stack frames]]>
    </failure>
  </testcase> <!-- loginWithInvalidUsername -->
  <testcase classname="Akku.LoginPage" name="loginWithInvalidPassword" time="0.103">
    <failure type="java.lang.NullPointerException" message="Cannot invoke &amp;quot;org.openqa.selenium.TakesScreenshot.getScreenshotAs(org.openqa.selenium.OutputType)&amp;quot; because &amp;quot;Utils.Base.driver&amp;quot; is null">
      <![CDATA[java.lang.NullPointerException: Cannot invoke "org.openqa.selenium.TakesScreenshot.getScreenshotAs(org.openqa.selenium.OutputType)" because "Utils.Base.driver" is null
at Utils.Base.captureScreenshot(Base.java:773)
at Utils.Base.enter(Base.java:358)
at Akku.LoginPage.attemptLoginWithInvalidPassword(LoginPage.java:108)
at Akku.LoginPage.loginWithInvalidPassword(LoginPage.java:86)
at java.base/java.util.ArrayList.forEach(ArrayList.java:1596)
... Removed 29 stack frames]]>
    </failure>
  </testcase> <!-- loginWithInvalidPassword -->
  <testcase classname="Akku.LoginPage" name="loginnormalbrowserflow" time="0.0">
    <ignored/>
  </testcase> <!-- loginnormalbrowserflow -->
</testsuite> <!-- RegressionTest -->
