<?xml version="1.0" encoding="UTF-8"?>
<!-- Generated by org.testng.reporters.JUnitReportReporter -->
<testsuite hostname="office-pro" failures="0" tests="15" name="Akku.LoginFlow" time="456.827" errors="3" timestamp="2026-01-30T18:05:54 IST" skipped="8">
  <testcase classname="Akku.LoginFlow" name="beforeMethod" time="94.779">
    <error message="Failed to launch browser in headless mode" type="java.lang.RuntimeException">
      <![CDATA[java.lang.RuntimeException: Failed to launch browser in headless mode
at Utils.Base.launchUrl(Base.java:225)
at Akku.LoginFlow.beforeMethod(LoginFlow.java:49)
at java.base/jdk.internal.reflect.NativeMethodAccessorImpl.invoke0(Native Method)
at java.base/jdk.internal.reflect.NativeMethodAccessorImpl.invoke(NativeMethodAccessorImpl.java:77)
at java.base/jdk.internal.reflect.DelegatingMethodAccessorImpl.invoke(DelegatingMethodAccessorImpl.java:43)
at java.base/java.lang.reflect.Method.invoke(Method.java:568)
at org.testng.internal.invokers.MethodInvocationHelper.invokeMethod(MethodInvocationHelper.java:139)
at org.testng.internal.invokers.MethodInvocationHelper.invokeMethodConsideringTimeout(MethodInvocationHelper.java:69)
at org.testng.internal.invokers.ConfigInvoker.invokeConfigurationMethod(ConfigInvoker.java:393)
at org.testng.internal.invokers.ConfigInvoker.invokeConfigurations(ConfigInvoker.java:326)
at org.testng.internal.invokers.TestInvoker.runConfigMethods(TestInvoker.java:810)
at org.testng.internal.invokers.TestInvoker.invokeMethod(TestInvoker.java:578)
at org.testng.internal.invokers.TestInvoker.invokeTestMethod(TestInvoker.java:228)
at org.testng.internal.invokers.MethodRunner.runInSequence(MethodRunner.java:63)
at org.testng.internal.invokers.TestInvoker$MethodInvocationAgent.invoke(TestInvoker.java:961)
at org.testng.internal.invokers.TestInvoker.invokeTestMethods(TestInvoker.java:201)
at org.testng.internal.invokers.TestMethodWorker.invokeTestMethods(TestMethodWorker.java:148)
at org.testng.internal.invokers.TestMethodWorker.run(TestMethodWorker.java:128)
at java.base/java.util.concurrent.Executors$RunnableAdapter.call(Executors.java:539)
at java.base/java.util.concurrent.FutureTask.run(FutureTask.java:264)
at org.testng.internal.thread.graph.TestNGFutureTask.run(TestNGFutureTask.java:22)
at java.base/java.util.concurrent.ThreadPoolExecutor.runWorker(ThreadPoolExecutor.java:1136)
at java.base/java.util.concurrent.ThreadPoolExecutor$Worker.run(ThreadPoolExecutor.java:635)
at java.base/java.lang.Thread.run(Thread.java:842)
Caused by: org.openqa.selenium.SessionNotCreatedException: Could not start a new session. Unable to parse remote response: <html>
<head><title>502 Bad Gateway</title></head>
<body>
<center><h1>502 Bad Gateway</h1></center>
<hr><center>nginx/1.18.0 (Ubuntu)</center>
</body>
</html>
 
Host info: host: 'OFFICE-PRO', ip: '192.168.1.105'
at org.openqa.selenium.remote.ProtocolHandshake.createSession(ProtocolHandshake.java:100)
at org.openqa.selenium.remote.ProtocolHandshake.createSession(ProtocolHandshake.java:75)
at org.openqa.selenium.remote.ProtocolHandshake.createSession(ProtocolHandshake.java:61)
at org.openqa.selenium.remote.HttpCommandExecutor.execute(HttpCommandExecutor.java:162)
at org.openqa.selenium.remote.TracedCommandExecutor.execute(TracedCommandExecutor.java:53)
at org.openqa.selenium.remote.RemoteWebDriver.execute(RemoteWebDriver.java:527)
at org.openqa.selenium.remote.RemoteWebDriver.startSession(RemoteWebDriver.java:234)
at org.openqa.selenium.remote.RemoteWebDriver.<init>(RemoteWebDriver.java:163)
at org.openqa.selenium.remote.RemoteWebDriver.<init>(RemoteWebDriver.java:143)
at Utils.Base.launchUrl(Base.java:205)
... 23 more
Caused by: org.openqa.selenium.json.JsonException: Unable to parse: <html>
<head><title>502 Bad Gateway</title></head>
<body>
<center><h1>502 Bad Gateway</h1></center>
<hr><center>nginx/1.18.0 (Ubuntu)</center>
</body>
</html>

at org.openqa.selenium.json.Json.toType(Json.java:169)
at org.openqa.selenium.json.Json.toType(Json.java:152)
at org.openqa.selenium.remote.ProtocolHandshake.createSession(ProtocolHandshake.java:96)
... 32 more
Caused by: org.openqa.selenium.json.JsonException: Unable to determine type from: <. Last 1 characters read: <, next 128 characters to read: html>
<head><title>502 Bad Gateway</title></head>
<body>
<center><h1>502 Bad Gateway</h1></center>
<hr><center>nginx/1.18.0 
Build info: version: '4.23.0', revision: '4df0a231af'
System info: os.name: 'Windows 11', os.arch: 'amd64', os.version: '10.0', java.version: '17.0.12'
Driver info: driver.version: RemoteWebDriver
at org.openqa.selenium.json.JsonInput.peek(JsonInput.java:166)
at org.openqa.selenium.json.JsonTypeCoercer.lambda$buildCoercer$6(JsonTypeCoercer.java:167)
at org.openqa.selenium.json.JsonTypeCoercer.coerce(JsonTypeCoercer.java:146)
at org.openqa.selenium.json.Json.toType(Json.java:206)
at org.openqa.selenium.json.Json.toType(Json.java:167)
... 34 more
]]>
    </error>
  </testcase> <!-- beforeMethod -->
  <testcase classname="Akku.LoginFlow" name="login" time="2.189"/>
  <testcase classname="Akku.LoginFlow" name="login" time="21.948"/>
  <testcase classname="Akku.LoginFlow" name="beforeMethod" time="174.850">
    <error message="Failed to launch browser in headless mode" type="java.lang.RuntimeException">
      <![CDATA[java.lang.RuntimeException: Failed to launch browser in headless mode
at Utils.Base.launchUrl(Base.java:225)
at Akku.LoginFlow.beforeMethod(LoginFlow.java:49)
at java.base/jdk.internal.reflect.NativeMethodAccessorImpl.invoke0(Native Method)
at java.base/jdk.internal.reflect.NativeMethodAccessorImpl.invoke(NativeMethodAccessorImpl.java:77)
at java.base/jdk.internal.reflect.DelegatingMethodAccessorImpl.invoke(DelegatingMethodAccessorImpl.java:43)
at java.base/java.lang.reflect.Method.invoke(Method.java:568)
at org.testng.internal.invokers.MethodInvocationHelper.invokeMethod(MethodInvocationHelper.java:139)
at org.testng.internal.invokers.MethodInvocationHelper.invokeMethodConsideringTimeout(MethodInvocationHelper.java:69)
at org.testng.internal.invokers.ConfigInvoker.invokeConfigurationMethod(ConfigInvoker.java:393)
at org.testng.internal.invokers.ConfigInvoker.invokeConfigurations(ConfigInvoker.java:326)
at org.testng.internal.invokers.TestInvoker.runConfigMethods(TestInvoker.java:810)
at org.testng.internal.invokers.TestInvoker.invokeMethod(TestInvoker.java:578)
at org.testng.internal.invokers.TestInvoker.invokeTestMethod(TestInvoker.java:228)
at org.testng.internal.invokers.MethodRunner.runInSequence(MethodRunner.java:63)
at org.testng.internal.invokers.TestInvoker$MethodInvocationAgent.invoke(TestInvoker.java:961)
at org.testng.internal.invokers.TestInvoker.invokeTestMethods(TestInvoker.java:201)
at org.testng.internal.invokers.TestMethodWorker.invokeTestMethods(TestMethodWorker.java:148)
at org.testng.internal.invokers.TestMethodWorker.run(TestMethodWorker.java:128)
at java.base/java.util.concurrent.Executors$RunnableAdapter.call(Executors.java:539)
at java.base/java.util.concurrent.FutureTask.run(FutureTask.java:264)
at org.testng.internal.thread.graph.TestNGFutureTask.run(TestNGFutureTask.java:22)
at java.base/java.util.concurrent.ThreadPoolExecutor.runWorker(ThreadPoolExecutor.java:1136)
at java.base/java.util.concurrent.ThreadPoolExecutor$Worker.run(ThreadPoolExecutor.java:635)
at java.base/java.lang.Thread.run(Thread.java:842)
Caused by: org.openqa.selenium.SessionNotCreatedException: Could not start a new session. Unable to parse remote response: <html>
<head><title>502 Bad Gateway</title></head>
<body>
<center><h1>502 Bad Gateway</h1></center>
<hr><center>nginx/1.18.0 (Ubuntu)</center>
</body>
</html>
 
Host info: host: 'OFFICE-PRO', ip: '192.168.1.105'
at org.openqa.selenium.remote.ProtocolHandshake.createSession(ProtocolHandshake.java:100)
at org.openqa.selenium.remote.ProtocolHandshake.createSession(ProtocolHandshake.java:75)
at org.openqa.selenium.remote.ProtocolHandshake.createSession(ProtocolHandshake.java:61)
at org.openqa.selenium.remote.HttpCommandExecutor.execute(HttpCommandExecutor.java:162)
at org.openqa.selenium.remote.TracedCommandExecutor.execute(TracedCommandExecutor.java:53)
at org.openqa.selenium.remote.RemoteWebDriver.execute(RemoteWebDriver.java:527)
at org.openqa.selenium.remote.RemoteWebDriver.startSession(RemoteWebDriver.java:234)
at org.openqa.selenium.remote.RemoteWebDriver.<init>(RemoteWebDriver.java:163)
at org.openqa.selenium.remote.RemoteWebDriver.<init>(RemoteWebDriver.java:143)
at Utils.Base.launchUrl(Base.java:205)
... 23 more
Caused by: org.openqa.selenium.json.JsonException: Unable to parse: <html>
<head><title>502 Bad Gateway</title></head>
<body>
<center><h1>502 Bad Gateway</h1></center>
<hr><center>nginx/1.18.0 (Ubuntu)</center>
</body>
</html>

at org.openqa.selenium.json.Json.toType(Json.java:169)
at org.openqa.selenium.json.Json.toType(Json.java:152)
at org.openqa.selenium.remote.ProtocolHandshake.createSession(ProtocolHandshake.java:96)
... 32 more
Caused by: org.openqa.selenium.json.JsonException: Unable to determine type from: <. Last 1 characters read: <, next 128 characters to read: html>
<head><title>502 Bad Gateway</title></head>
<body>
<center><h1>502 Bad Gateway</h1></center>
<hr><center>nginx/1.18.0 
Build info: version: '4.23.0', revision: '4df0a231af'
System info: os.name: 'Windows 11', os.arch: 'amd64', os.version: '10.0', java.version: '17.0.12'
Driver info: driver.version: RemoteWebDriver
at org.openqa.selenium.json.JsonInput.peek(JsonInput.java:166)
at org.openqa.selenium.json.JsonTypeCoercer.lambda$buildCoercer$6(JsonTypeCoercer.java:167)
at org.openqa.selenium.json.JsonTypeCoercer.coerce(JsonTypeCoercer.java:146)
at org.openqa.selenium.json.Json.toType(Json.java:206)
at org.openqa.selenium.json.Json.toType(Json.java:167)
... 34 more
]]>
    </error>
  </testcase> <!-- beforeMethod -->
  <testcase classname="Akku.LoginFlow" name="login" time="5.668"/>
  <testcase classname="Akku.LoginFlow" name="beforeMethod" time="127.804">
    <error message="Failed to launch browser in headless mode" type="java.lang.RuntimeException">
      <![CDATA[java.lang.RuntimeException: Failed to launch browser in headless mode
at Utils.Base.launchUrl(Base.java:225)
at Akku.LoginFlow.beforeMethod(LoginFlow.java:49)
at java.base/jdk.internal.reflect.NativeMethodAccessorImpl.invoke0(Native Method)
at java.base/jdk.internal.reflect.NativeMethodAccessorImpl.invoke(NativeMethodAccessorImpl.java:77)
at java.base/jdk.internal.reflect.DelegatingMethodAccessorImpl.invoke(DelegatingMethodAccessorImpl.java:43)
at java.base/java.lang.reflect.Method.invoke(Method.java:568)
at org.testng.internal.invokers.MethodInvocationHelper.invokeMethod(MethodInvocationHelper.java:139)
at org.testng.internal.invokers.MethodInvocationHelper.invokeMethodConsideringTimeout(MethodInvocationHelper.java:69)
at org.testng.internal.invokers.ConfigInvoker.invokeConfigurationMethod(ConfigInvoker.java:393)
at org.testng.internal.invokers.ConfigInvoker.invokeConfigurations(ConfigInvoker.java:326)
at org.testng.internal.invokers.TestInvoker.runConfigMethods(TestInvoker.java:810)
at org.testng.internal.invokers.TestInvoker.invokeMethod(TestInvoker.java:578)
at org.testng.internal.invokers.TestInvoker.invokeTestMethod(TestInvoker.java:228)
at org.testng.internal.invokers.MethodRunner.runInSequence(MethodRunner.java:63)
at org.testng.internal.invokers.TestInvoker$MethodInvocationAgent.invoke(TestInvoker.java:961)
at org.testng.internal.invokers.TestInvoker.invokeTestMethods(TestInvoker.java:201)
at org.testng.internal.invokers.TestMethodWorker.invokeTestMethods(TestMethodWorker.java:148)
at org.testng.internal.invokers.TestMethodWorker.run(TestMethodWorker.java:128)
at java.base/java.util.concurrent.Executors$RunnableAdapter.call(Executors.java:539)
at java.base/java.util.concurrent.FutureTask.run(FutureTask.java:264)
at org.testng.internal.thread.graph.TestNGFutureTask.run(TestNGFutureTask.java:22)
at java.base/java.util.concurrent.ThreadPoolExecutor.runWorker(ThreadPoolExecutor.java:1136)
at java.base/java.util.concurrent.ThreadPoolExecutor$Worker.run(ThreadPoolExecutor.java:635)
at java.base/java.lang.Thread.run(Thread.java:842)
Caused by: org.openqa.selenium.SessionNotCreatedException: Could not start a new session. Unable to parse remote response: <html>
<head><title>502 Bad Gateway</title></head>
<body>
<center><h1>502 Bad Gateway</h1></center>
<hr><center>nginx/1.18.0 (Ubuntu)</center>
</body>
</html>
 
Host info: host: 'OFFICE-PRO', ip: '192.168.1.105'
at org.openqa.selenium.remote.ProtocolHandshake.createSession(ProtocolHandshake.java:100)
at org.openqa.selenium.remote.ProtocolHandshake.createSession(ProtocolHandshake.java:75)
at org.openqa.selenium.remote.ProtocolHandshake.createSession(ProtocolHandshake.java:61)
at org.openqa.selenium.remote.HttpCommandExecutor.execute(HttpCommandExecutor.java:162)
at org.openqa.selenium.remote.TracedCommandExecutor.execute(TracedCommandExecutor.java:53)
at org.openqa.selenium.remote.RemoteWebDriver.execute(RemoteWebDriver.java:527)
at org.openqa.selenium.remote.RemoteWebDriver.startSession(RemoteWebDriver.java:234)
at org.openqa.selenium.remote.RemoteWebDriver.<init>(RemoteWebDriver.java:163)
at org.openqa.selenium.remote.RemoteWebDriver.<init>(RemoteWebDriver.java:143)
at Utils.Base.launchUrl(Base.java:205)
... 23 more
Caused by: org.openqa.selenium.json.JsonException: Unable to parse: <html>
<head><title>502 Bad Gateway</title></head>
<body>
<center><h1>502 Bad Gateway</h1></center>
<hr><center>nginx/1.18.0 (Ubuntu)</center>
</body>
</html>

at org.openqa.selenium.json.Json.toType(Json.java:169)
at org.openqa.selenium.json.Json.toType(Json.java:152)
at org.openqa.selenium.remote.ProtocolHandshake.createSession(ProtocolHandshake.java:96)
... 32 more
Caused by: org.openqa.selenium.json.JsonException: Unable to determine type from: <. Last 1 characters read: <, next 128 characters to read: html>
<head><title>502 Bad Gateway</title></head>
<body>
<center><h1>502 Bad Gateway</h1></center>
<hr><center>nginx/1.18.0 
Build info: version: '4.23.0', revision: '4df0a231af'
System info: os.name: 'Windows 11', os.arch: 'amd64', os.version: '10.0', java.version: '17.0.12'
Driver info: driver.version: RemoteWebDriver
at org.openqa.selenium.json.JsonInput.peek(JsonInput.java:166)
at org.openqa.selenium.json.JsonTypeCoercer.lambda$buildCoercer$6(JsonTypeCoercer.java:167)
at org.openqa.selenium.json.JsonTypeCoercer.coerce(JsonTypeCoercer.java:146)
at org.openqa.selenium.json.Json.toType(Json.java:206)
at org.openqa.selenium.json.Json.toType(Json.java:167)
... 34 more
]]>
    </error>
  </testcase> <!-- beforeMethod -->
  <testcase classname="Akku.LoginFlow" name="login" time="29.589"/>
  <testcase classname="Akku.LoginFlow" name="loginWithInvalidUsername" time="0.000">
    <skipped/>
  </testcase> <!-- loginWithInvalidUsername -->
  <testcase classname="Akku.LoginFlow" name="loginWithInvalidUsername" time="0.000">
    <skipped/>
  </testcase> <!-- loginWithInvalidUsername -->
  <testcase classname="Akku.LoginFlow" name="loginWithInvalidUsername" time="0.000">
    <skipped/>
  </testcase> <!-- loginWithInvalidUsername -->
  <testcase classname="Akku.LoginFlow" name="loginWithInvalidUsername" time="0.000">
    <skipped/>
  </testcase> <!-- loginWithInvalidUsername -->
  <testcase classname="Akku.LoginFlow" name="loginWithInvalidPassword" time="0.000">
    <skipped/>
  </testcase> <!-- loginWithInvalidPassword -->
  <testcase classname="Akku.LoginFlow" name="loginWithInvalidPassword" time="0.000">
    <skipped/>
  </testcase> <!-- loginWithInvalidPassword -->
  <testcase classname="Akku.LoginFlow" name="loginWithInvalidPassword" time="0.000">
    <skipped/>
  </testcase> <!-- loginWithInvalidPassword -->
  <testcase classname="Akku.LoginFlow" name="loginWithInvalidPassword" time="0.000">
    <skipped/>
  </testcase> <!-- loginWithInvalidPassword -->
</testsuite> <!-- Akku.LoginFlow -->
